{"D:\\1_Hacktiv8\\Phase2\\Week3\\W3D1,Senin-28April2025\\Tugas\\IP-RMT60\\server\\app.js": {"path":"D:\\1_Hacktiv8\\Phase2\\Week3\\W3D1,Senin-28April2025\\Tugas\\IP-RMT60\\server\\app.js","statementMap":{"0":{"start":{"line":1,"column":0},"end":{"line":3,"column":1}},"1":{"start":{"line":2,"column":2},"end":{"line":2,"column":29}},"2":{"start":{"line":5,"column":16},"end":{"line":5,"column":34}},"3":{"start":{"line":6,"column":12},"end":{"line":6,"column":21}},"4":{"start":{"line":7,"column":13},"end":{"line":7,"column":37}},"5":{"start":{"line":8,"column":13},"end":{"line":8,"column":28}},"6":{"start":{"line":9,"column":23},"end":{"line":9,"column":62}},"7":{"start":{"line":10,"column":23},"end":{"line":10,"column":62}},"8":{"start":{"line":11,"column":19},"end":{"line":11,"column":54}},"9":{"start":{"line":12,"column":22},"end":{"line":12,"column":60}},"10":{"start":{"line":13,"column":22},"end":{"line":13,"column":49}},"11":{"start":{"line":16,"column":0},"end":{"line":16,"column":16}},"12":{"start":{"line":17,"column":0},"end":{"line":17,"column":24}},"13":{"start":{"line":18,"column":0},"end":{"line":18,"column":48}},"14":{"start":{"line":21,"column":0},"end":{"line":21,"column":35}},"15":{"start":{"line":24,"column":0},"end":{"line":24,"column":56}},"16":{"start":{"line":25,"column":0},"end":{"line":25,"column":60}},"17":{"start":{"line":28,"column":0},"end":{"line":28,"column":47}},"18":{"start":{"line":29,"column":0},"end":{"line":29,"column":41}},"19":{"start":{"line":30,"column":0},"end":{"line":30,"column":54}},"20":{"start":{"line":33,"column":0},"end":{"line":33,"column":24}},"21":{"start":{"line":36,"column":0},"end":{"line":36,"column":46}},"22":{"start":{"line":37,"column":0},"end":{"line":37,"column":50}},"23":{"start":{"line":38,"column":0},"end":{"line":38,"column":52}},"24":{"start":{"line":39,"column":0},"end":{"line":39,"column":66}},"25":{"start":{"line":40,"column":0},"end":{"line":40,"column":47}},"26":{"start":{"line":41,"column":0},"end":{"line":41,"column":73}},"27":{"start":{"line":44,"column":0},"end":{"line":47,"column":3}},"28":{"start":{"line":45,"column":2},"end":{"line":45,"column":21}},"29":{"start":{"line":46,"column":2},"end":{"line":46,"column":61}},"30":{"start":{"line":49,"column":0},"end":{"line":51,"column":3}},"31":{"start":{"line":50,"column":2},"end":{"line":50,"column":48}},"32":{"start":{"line":53,"column":0},"end":{"line":53,"column":21}}},"fnMap":{"0":{"name":"(anonymous_0)","decl":{"start":{"line":44,"column":8},"end":{"line":44,"column":9}},"loc":{"start":{"line":44,"column":33},"end":{"line":47,"column":1}},"line":44},"1":{"name":"(anonymous_1)","decl":{"start":{"line":49,"column":17},"end":{"line":49,"column":18}},"loc":{"start":{"line":49,"column":23},"end":{"line":51,"column":1}},"line":49}},"branchMap":{"0":{"loc":{"start":{"line":1,"column":0},"end":{"line":3,"column":1}},"type":"if","locations":[{"start":{"line":1,"column":0},"end":{"line":3,"column":1}},{"start":{},"end":{}}],"line":1},"1":{"loc":{"start":{"line":7,"column":13},"end":{"line":7,"column":37}},"type":"binary-expr","locations":[{"start":{"line":7,"column":13},"end":{"line":7,"column":29}},{"start":{"line":7,"column":33},"end":{"line":7,"column":37}}],"line":7}},"s":{"0":1,"1":1,"2":1,"3":1,"4":1,"5":1,"6":1,"7":1,"8":1,"9":1,"10":1,"11":1,"12":1,"13":1,"14":1,"15":1,"16":1,"17":1,"18":1,"19":1,"20":1,"21":1,"22":1,"23":1,"24":1,"25":1,"26":1,"27":1,"28":0,"29":0,"30":1,"31":1,"32":1},"f":{"0":0,"1":1},"b":{"0":[1,0],"1":[1,1]},"_coverageSchema":"1a1c01bbd47fc00a2c39e90264f33305004495a9","hash":"3c3ddd184d25f7167b76b885f2d270142c04a16f"}
,"D:\\1_Hacktiv8\\Phase2\\Week3\\W3D1,Senin-28April2025\\Tugas\\IP-RMT60\\server\\controllers\\Controller.js": {"path":"D:\\1_Hacktiv8\\Phase2\\Week3\\W3D1,Senin-28April2025\\Tugas\\IP-RMT60\\server\\controllers\\Controller.js","statementMap":{"0":{"start":{"line":1,"column":41},"end":{"line":1,"column":61}},"1":{"start":{"line":6,"column":4},"end":{"line":31,"column":5}},"2":{"start":{"line":7,"column":22},"end":{"line":7,"column":50}},"3":{"start":{"line":10,"column":25},"end":{"line":10,"column":48}},"4":{"start":{"line":13,"column":6},"end":{"line":25,"column":7}},"5":{"start":{"line":14,"column":31},"end":{"line":22,"column":10}},"6":{"start":{"line":15,"column":10},"end":{"line":21,"column":12}},"7":{"start":{"line":24,"column":8},"end":{"line":24,"column":52}},"8":{"start":{"line":28,"column":6},"end":{"line":28,"column":36}},"9":{"start":{"line":30,"column":6},"end":{"line":30,"column":65}},"10":{"start":{"line":36,"column":4},"end":{"line":65,"column":5}},"11":{"start":{"line":37,"column":21},"end":{"line":37,"column":31}},"12":{"start":{"line":39,"column":21},"end":{"line":39,"column":52}},"13":{"start":{"line":41,"column":6},"end":{"line":43,"column":7}},"14":{"start":{"line":42,"column":8},"end":{"line":42,"column":75}},"15":{"start":{"line":46,"column":25},"end":{"line":46,"column":48}},"16":{"start":{"line":49,"column":6},"end":{"line":59,"column":7}},"17":{"start":{"line":50,"column":30},"end":{"line":56,"column":9}},"18":{"start":{"line":58,"column":8},"end":{"line":58,"column":51}},"19":{"start":{"line":62,"column":6},"end":{"line":62,"column":35}},"20":{"start":{"line":64,"column":6},"end":{"line":64,"column":65}},"21":{"start":{"line":70,"column":4},"end":{"line":100,"column":5}},"22":{"start":{"line":71,"column":21},"end":{"line":71,"column":32}},"23":{"start":{"line":72,"column":33},"end":{"line":72,"column":43}},"24":{"start":{"line":75,"column":21},"end":{"line":75,"column":64}},"25":{"start":{"line":77,"column":6},"end":{"line":79,"column":7}},"26":{"start":{"line":78,"column":8},"end":{"line":78,"column":75}},"27":{"start":{"line":82,"column":31},"end":{"line":84,"column":8}},"28":{"start":{"line":86,"column":6},"end":{"line":90,"column":7}},"29":{"start":{"line":87,"column":8},"end":{"line":89,"column":72}},"30":{"start":{"line":93,"column":6},"end":{"line":93,"column":56}},"31":{"start":{"line":95,"column":6},"end":{"line":97,"column":69}},"32":{"start":{"line":99,"column":6},"end":{"line":99,"column":65}},"33":{"start":{"line":105,"column":4},"end":{"line":119,"column":5}},"34":{"start":{"line":106,"column":21},"end":{"line":106,"column":32}},"35":{"start":{"line":108,"column":24},"end":{"line":111,"column":8}},"36":{"start":{"line":113,"column":30},"end":{"line":113,"column":70}},"37":{"start":{"line":113,"column":53},"end":{"line":113,"column":69}},"38":{"start":{"line":115,"column":6},"end":{"line":115,"column":44}},"39":{"start":{"line":117,"column":6},"end":{"line":117,"column":27}},"40":{"start":{"line":118,"column":6},"end":{"line":118,"column":65}},"41":{"start":{"line":124,"column":4},"end":{"line":145,"column":5}},"42":{"start":{"line":125,"column":21},"end":{"line":125,"column":32}},"43":{"start":{"line":126,"column":33},"end":{"line":126,"column":43}},"44":{"start":{"line":129,"column":23},"end":{"line":131,"column":8}},"45":{"start":{"line":133,"column":6},"end":{"line":137,"column":7}},"46":{"start":{"line":134,"column":8},"end":{"line":136,"column":72}},"47":{"start":{"line":140,"column":6},"end":{"line":140,"column":31}},"48":{"start":{"line":142,"column":6},"end":{"line":142,"column":80}},"49":{"start":{"line":144,"column":6},"end":{"line":144,"column":65}},"50":{"start":{"line":149,"column":0},"end":{"line":149,"column":28}}},"fnMap":{"0":{"name":"(anonymous_0)","decl":{"start":{"line":5,"column":2},"end":{"line":5,"column":3}},"loc":{"start":{"line":5,"column":39},"end":{"line":32,"column":3}},"line":5},"1":{"name":"(anonymous_1)","decl":{"start":{"line":14,"column":43},"end":{"line":14,"column":44}},"loc":{"start":{"line":14,"column":55},"end":{"line":22,"column":9}},"line":14},"2":{"name":"(anonymous_2)","decl":{"start":{"line":35,"column":2},"end":{"line":35,"column":3}},"loc":{"start":{"line":35,"column":39},"end":{"line":66,"column":3}},"line":35},"3":{"name":"(anonymous_3)","decl":{"start":{"line":69,"column":2},"end":{"line":69,"column":3}},"loc":{"start":{"line":69,"column":40},"end":{"line":101,"column":3}},"line":69},"4":{"name":"(anonymous_4)","decl":{"start":{"line":104,"column":2},"end":{"line":104,"column":3}},"loc":{"start":{"line":104,"column":38},"end":{"line":120,"column":3}},"line":104},"5":{"name":"(anonymous_5)","decl":{"start":{"line":113,"column":44},"end":{"line":113,"column":45}},"loc":{"start":{"line":113,"column":53},"end":{"line":113,"column":69}},"line":113},"6":{"name":"(anonymous_6)","decl":{"start":{"line":123,"column":2},"end":{"line":123,"column":3}},"loc":{"start":{"line":123,"column":45},"end":{"line":146,"column":3}},"line":123}},"branchMap":{"0":{"loc":{"start":{"line":10,"column":25},"end":{"line":10,"column":48}},"type":"cond-expr","locations":[{"start":{"line":10,"column":36},"end":{"line":10,"column":40}},{"start":{"line":10,"column":43},"end":{"line":10,"column":48}}],"line":10},"1":{"loc":{"start":{"line":13,"column":6},"end":{"line":25,"column":7}},"type":"if","locations":[{"start":{"line":13,"column":6},"end":{"line":25,"column":7}},{"start":{},"end":{}}],"line":13},"2":{"loc":{"start":{"line":41,"column":6},"end":{"line":43,"column":7}},"type":"if","locations":[{"start":{"line":41,"column":6},"end":{"line":43,"column":7}},{"start":{},"end":{}}],"line":41},"3":{"loc":{"start":{"line":46,"column":25},"end":{"line":46,"column":48}},"type":"cond-expr","locations":[{"start":{"line":46,"column":36},"end":{"line":46,"column":40}},{"start":{"line":46,"column":43},"end":{"line":46,"column":48}}],"line":46},"4":{"loc":{"start":{"line":49,"column":6},"end":{"line":59,"column":7}},"type":"if","locations":[{"start":{"line":49,"column":6},"end":{"line":59,"column":7}},{"start":{},"end":{}}],"line":49},"5":{"loc":{"start":{"line":77,"column":6},"end":{"line":79,"column":7}},"type":"if","locations":[{"start":{"line":77,"column":6},"end":{"line":79,"column":7}},{"start":{},"end":{}}],"line":77},"6":{"loc":{"start":{"line":86,"column":6},"end":{"line":90,"column":7}},"type":"if","locations":[{"start":{"line":86,"column":6},"end":{"line":90,"column":7}},{"start":{},"end":{}}],"line":86},"7":{"loc":{"start":{"line":133,"column":6},"end":{"line":137,"column":7}},"type":"if","locations":[{"start":{"line":133,"column":6},"end":{"line":137,"column":7}},{"start":{},"end":{}}],"line":133}},"s":{"0":1,"1":1,"2":1,"3":1,"4":1,"5":0,"6":0,"7":0,"8":1,"9":0,"10":1,"11":1,"12":1,"13":1,"14":0,"15":1,"16":1,"17":0,"18":0,"19":1,"20":0,"21":2,"22":2,"23":2,"24":2,"25":2,"26":0,"27":2,"28":2,"29":1,"30":1,"31":1,"32":0,"33":2,"34":2,"35":1,"36":1,"37":1,"38":1,"39":1,"40":1,"41":2,"42":2,"43":2,"44":2,"45":2,"46":1,"47":1,"48":1,"49":0,"50":1},"f":{"0":1,"1":0,"2":1,"3":2,"4":2,"5":1,"6":2},"b":{"0":[1,0],"1":[0,1],"2":[0,1],"3":[1,0],"4":[0,1],"5":[0,2],"6":[1,1],"7":[1,1]},"_coverageSchema":"1a1c01bbd47fc00a2c39e90264f33305004495a9","hash":"737b92e119bcfa4ab8431d4a132d7beeb4e23ad7"}
,"D:\\1_Hacktiv8\\Phase2\\Week3\\W3D1,Senin-28April2025\\Tugas\\IP-RMT60\\server\\controllers\\PubController.js": {"path":"D:\\1_Hacktiv8\\Phase2\\Week3\\W3D1,Senin-28April2025\\Tugas\\IP-RMT60\\server\\controllers\\PubController.js","statementMap":{"0":{"start":{"line":4,"column":4},"end":{"line":4,"column":24}},"1":{"start":{"line":8,"column":4},"end":{"line":60,"column":5}},"2":{"start":{"line":9,"column":51},"end":{"line":9,"column":60}},"3":{"start":{"line":12,"column":25},"end":{"line":12,"column":27}},"4":{"start":{"line":15,"column":6},"end":{"line":22,"column":7}},"5":{"start":{"line":16,"column":8},"end":{"line":21,"column":10}},"6":{"start":{"line":25,"column":6},"end":{"line":32,"column":7}},"7":{"start":{"line":26,"column":8},"end":{"line":29,"column":10}},"8":{"start":{"line":30,"column":8},"end":{"line":30,"column":66}},"9":{"start":{"line":30,"column":22},"end":{"line":30,"column":66}},"10":{"start":{"line":31,"column":8},"end":{"line":31,"column":66}},"11":{"start":{"line":31,"column":22},"end":{"line":31,"column":66}},"12":{"start":{"line":35,"column":6},"end":{"line":43,"column":7}},"13":{"start":{"line":36,"column":31},"end":{"line":36,"column":46}},"14":{"start":{"line":37,"column":28},"end":{"line":37,"column":52}},"15":{"start":{"line":38,"column":28},"end":{"line":38,"column":43}},"16":{"start":{"line":40,"column":8},"end":{"line":42,"column":9}},"17":{"start":{"line":41,"column":10},"end":{"line":41,"column":62}},"18":{"start":{"line":45,"column":22},"end":{"line":45,"column":62}},"19":{"start":{"line":48,"column":29},"end":{"line":54,"column":9}},"20":{"start":{"line":48,"column":54},"end":{"line":54,"column":7}},"21":{"start":{"line":56,"column":6},"end":{"line":56,"column":43}},"22":{"start":{"line":58,"column":6},"end":{"line":58,"column":54}},"23":{"start":{"line":59,"column":6},"end":{"line":59,"column":65}},"24":{"start":{"line":65,"column":4},"end":{"line":78,"column":5}},"25":{"start":{"line":66,"column":21},"end":{"line":66,"column":31}},"26":{"start":{"line":68,"column":21},"end":{"line":68,"column":52}},"27":{"start":{"line":70,"column":6},"end":{"line":72,"column":7}},"28":{"start":{"line":71,"column":8},"end":{"line":71,"column":75}},"29":{"start":{"line":75,"column":6},"end":{"line":75,"column":35}},"30":{"start":{"line":77,"column":6},"end":{"line":77,"column":65}},"31":{"start":{"line":82,"column":0},"end":{"line":82,"column":31}}},"fnMap":{"0":{"name":"(anonymous_0)","decl":{"start":{"line":7,"column":2},"end":{"line":7,"column":3}},"loc":{"start":{"line":7,"column":39},"end":{"line":61,"column":3}},"line":7},"1":{"name":"(anonymous_1)","decl":{"start":{"line":48,"column":41},"end":{"line":48,"column":42}},"loc":{"start":{"line":48,"column":54},"end":{"line":54,"column":7}},"line":48},"2":{"name":"(anonymous_2)","decl":{"start":{"line":64,"column":2},"end":{"line":64,"column":3}},"loc":{"start":{"line":64,"column":39},"end":{"line":79,"column":3}},"line":64}},"branchMap":{"0":{"loc":{"start":{"line":15,"column":6},"end":{"line":22,"column":7}},"type":"if","locations":[{"start":{"line":15,"column":6},"end":{"line":22,"column":7}},{"start":{},"end":{}}],"line":15},"1":{"loc":{"start":{"line":25,"column":6},"end":{"line":32,"column":7}},"type":"if","locations":[{"start":{"line":25,"column":6},"end":{"line":32,"column":7}},{"start":{},"end":{}}],"line":25},"2":{"loc":{"start":{"line":25,"column":10},"end":{"line":25,"column":30}},"type":"binary-expr","locations":[{"start":{"line":25,"column":10},"end":{"line":25,"column":18}},{"start":{"line":25,"column":22},"end":{"line":25,"column":30}}],"line":25},"3":{"loc":{"start":{"line":30,"column":8},"end":{"line":30,"column":66}},"type":"if","locations":[{"start":{"line":30,"column":8},"end":{"line":30,"column":66}},{"start":{},"end":{}}],"line":30},"4":{"loc":{"start":{"line":31,"column":8},"end":{"line":31,"column":66}},"type":"if","locations":[{"start":{"line":31,"column":8},"end":{"line":31,"column":66}},{"start":{},"end":{}}],"line":31},"5":{"loc":{"start":{"line":35,"column":6},"end":{"line":43,"column":7}},"type":"if","locations":[{"start":{"line":35,"column":6},"end":{"line":43,"column":7}},{"start":{},"end":{}}],"line":35},"6":{"loc":{"start":{"line":40,"column":8},"end":{"line":42,"column":9}},"type":"if","locations":[{"start":{"line":40,"column":8},"end":{"line":42,"column":9}},{"start":{},"end":{}}],"line":40},"7":{"loc":{"start":{"line":40,"column":12},"end":{"line":40,"column":70}},"type":"binary-expr","locations":[{"start":{"line":40,"column":12},"end":{"line":40,"column":39}},{"start":{"line":40,"column":43},"end":{"line":40,"column":70}}],"line":40},"8":{"loc":{"start":{"line":70,"column":6},"end":{"line":72,"column":7}},"type":"if","locations":[{"start":{"line":70,"column":6},"end":{"line":72,"column":7}},{"start":{},"end":{}}],"line":70}},"s":{"0":1,"1":0,"2":0,"3":0,"4":0,"5":0,"6":0,"7":0,"8":0,"9":0,"10":0,"11":0,"12":0,"13":0,"14":0,"15":0,"16":0,"17":0,"18":0,"19":0,"20":0,"21":0,"22":0,"23":0,"24":0,"25":0,"26":0,"27":0,"28":0,"29":0,"30":0,"31":1},"f":{"0":0,"1":0,"2":0},"b":{"0":[0,0],"1":[0,0],"2":[0,0],"3":[0,0],"4":[0,0],"5":[0,0],"6":[0,0],"7":[0,0],"8":[0,0]},"_coverageSchema":"1a1c01bbd47fc00a2c39e90264f33305004495a9","hash":"50d00d019a8a66eca334a967de982b42c35cca4d"}
,"D:\\1_Hacktiv8\\Phase2\\Week3\\W3D1,Senin-28April2025\\Tugas\\IP-RMT60\\server\\controllers\\UserController.js": {"path":"D:\\1_Hacktiv8\\Phase2\\Week3\\W3D1,Senin-28April2025\\Tugas\\IP-RMT60\\server\\controllers\\UserController.js","statementMap":{"0":{"start":{"line":1,"column":17},"end":{"line":1,"column":37}},"1":{"start":{"line":2,"column":28},"end":{"line":2,"column":56}},"2":{"start":{"line":3,"column":24},"end":{"line":3,"column":49}},"3":{"start":{"line":4,"column":25},"end":{"line":4,"column":55}},"4":{"start":{"line":5,"column":15},"end":{"line":5,"column":33}},"5":{"start":{"line":9,"column":4},"end":{"line":45,"column":5}},"6":{"start":{"line":10,"column":30},"end":{"line":10,"column":38}},"7":{"start":{"line":11,"column":21},"end":{"line":14,"column":8}},"8":{"start":{"line":15,"column":22},"end":{"line":15,"column":41}},"9":{"start":{"line":17,"column":17},"end":{"line":19,"column":8}},"10":{"start":{"line":21,"column":6},"end":{"line":27,"column":7}},"11":{"start":{"line":22,"column":8},"end":{"line":26,"column":11}},"12":{"start":{"line":29,"column":27},"end":{"line":33,"column":7}},"13":{"start":{"line":35,"column":20},"end":{"line":35,"column":45}},"14":{"start":{"line":36,"column":6},"end":{"line":41,"column":9}},"15":{"start":{"line":43,"column":6},"end":{"line":43,"column":25}},"16":{"start":{"line":44,"column":6},"end":{"line":44,"column":65}},"17":{"start":{"line":49,"column":4},"end":{"line":72,"column":5}},"18":{"start":{"line":50,"column":44},"end":{"line":50,"column":52}},"19":{"start":{"line":52,"column":22},"end":{"line":56,"column":8}},"20":{"start":{"line":58,"column":6},"end":{"line":62,"column":9}},"21":{"start":{"line":64,"column":6},"end":{"line":71,"column":7}},"22":{"start":{"line":68,"column":8},"end":{"line":68,"column":67}},"23":{"start":{"line":70,"column":8},"end":{"line":70,"column":67}},"24":{"start":{"line":76,"column":4},"end":{"line":116,"column":5}},"25":{"start":{"line":77,"column":34},"end":{"line":77,"column":42}},"26":{"start":{"line":79,"column":6},"end":{"line":83,"column":7}},"27":{"start":{"line":80,"column":8},"end":{"line":82,"column":64}},"28":{"start":{"line":85,"column":19},"end":{"line":87,"column":8}},"29":{"start":{"line":89,"column":6},"end":{"line":91,"column":7}},"30":{"start":{"line":90,"column":8},"end":{"line":90,"column":67}},"31":{"start":{"line":93,"column":30},"end":{"line":93,"column":70}},"32":{"start":{"line":95,"column":6},"end":{"line":97,"column":7}},"33":{"start":{"line":96,"column":8},"end":{"line":96,"column":69}},"34":{"start":{"line":99,"column":22},"end":{"line":103,"column":7}},"35":{"start":{"line":105,"column":20},"end":{"line":105,"column":40}},"36":{"start":{"line":107,"column":6},"end":{"line":112,"column":9}},"37":{"start":{"line":114,"column":6},"end":{"line":114,"column":27}},"38":{"start":{"line":115,"column":6},"end":{"line":115,"column":65}},"39":{"start":{"line":120,"column":4},"end":{"line":161,"column":5}},"40":{"start":{"line":121,"column":21},"end":{"line":121,"column":32}},"41":{"start":{"line":122,"column":34},"end":{"line":122,"column":42}},"42":{"start":{"line":124,"column":19},"end":{"line":124,"column":46}},"43":{"start":{"line":126,"column":6},"end":{"line":128,"column":7}},"44":{"start":{"line":127,"column":8},"end":{"line":127,"column":73}},"45":{"start":{"line":130,"column":27},"end":{"line":130,"column":29}},"46":{"start":{"line":132,"column":6},"end":{"line":132,"column":53}},"47":{"start":{"line":132,"column":20},"end":{"line":132,"column":53}},"48":{"start":{"line":133,"column":6},"end":{"line":133,"column":44}},"49":{"start":{"line":133,"column":17},"end":{"line":133,"column":44}},"50":{"start":{"line":135,"column":6},"end":{"line":139,"column":7}},"51":{"start":{"line":136,"column":8},"end":{"line":138,"column":61}},"52":{"start":{"line":141,"column":6},"end":{"line":141,"column":38}},"53":{"start":{"line":143,"column":6},"end":{"line":150,"column":9}},"54":{"start":{"line":152,"column":6},"end":{"line":160,"column":7}},"55":{"start":{"line":156,"column":8},"end":{"line":156,"column":67}},"56":{"start":{"line":158,"column":8},"end":{"line":158,"column":29}},"57":{"start":{"line":159,"column":8},"end":{"line":159,"column":67}},"58":{"start":{"line":165,"column":0},"end":{"line":165,"column":32}}},"fnMap":{"0":{"name":"(anonymous_0)","decl":{"start":{"line":8,"column":2},"end":{"line":8,"column":3}},"loc":{"start":{"line":8,"column":37},"end":{"line":46,"column":3}},"line":8},"1":{"name":"(anonymous_1)","decl":{"start":{"line":48,"column":2},"end":{"line":48,"column":3}},"loc":{"start":{"line":48,"column":34},"end":{"line":73,"column":3}},"line":48},"2":{"name":"(anonymous_2)","decl":{"start":{"line":75,"column":2},"end":{"line":75,"column":3}},"loc":{"start":{"line":75,"column":31},"end":{"line":117,"column":3}},"line":75},"3":{"name":"(anonymous_3)","decl":{"start":{"line":119,"column":2},"end":{"line":119,"column":3}},"loc":{"start":{"line":119,"column":36},"end":{"line":162,"column":3}},"line":119}},"branchMap":{"0":{"loc":{"start":{"line":21,"column":6},"end":{"line":27,"column":7}},"type":"if","locations":[{"start":{"line":21,"column":6},"end":{"line":27,"column":7}},{"start":{},"end":{}}],"line":21},"1":{"loc":{"start":{"line":64,"column":6},"end":{"line":71,"column":7}},"type":"if","locations":[{"start":{"line":64,"column":6},"end":{"line":71,"column":7}},{"start":{"line":69,"column":13},"end":{"line":71,"column":7}}],"line":64},"2":{"loc":{"start":{"line":65,"column":8},"end":{"line":66,"column":55}},"type":"binary-expr","locations":[{"start":{"line":65,"column":8},"end":{"line":65,"column":49}},{"start":{"line":66,"column":8},"end":{"line":66,"column":55}}],"line":65},"3":{"loc":{"start":{"line":79,"column":6},"end":{"line":83,"column":7}},"type":"if","locations":[{"start":{"line":79,"column":6},"end":{"line":83,"column":7}},{"start":{},"end":{}}],"line":79},"4":{"loc":{"start":{"line":79,"column":10},"end":{"line":79,"column":29}},"type":"binary-expr","locations":[{"start":{"line":79,"column":10},"end":{"line":79,"column":16}},{"start":{"line":79,"column":20},"end":{"line":79,"column":29}}],"line":79},"5":{"loc":{"start":{"line":89,"column":6},"end":{"line":91,"column":7}},"type":"if","locations":[{"start":{"line":89,"column":6},"end":{"line":91,"column":7}},{"start":{},"end":{}}],"line":89},"6":{"loc":{"start":{"line":95,"column":6},"end":{"line":97,"column":7}},"type":"if","locations":[{"start":{"line":95,"column":6},"end":{"line":97,"column":7}},{"start":{},"end":{}}],"line":95},"7":{"loc":{"start":{"line":126,"column":6},"end":{"line":128,"column":7}},"type":"if","locations":[{"start":{"line":126,"column":6},"end":{"line":128,"column":7}},{"start":{},"end":{}}],"line":126},"8":{"loc":{"start":{"line":132,"column":6},"end":{"line":132,"column":53}},"type":"if","locations":[{"start":{"line":132,"column":6},"end":{"line":132,"column":53}},{"start":{},"end":{}}],"line":132},"9":{"loc":{"start":{"line":133,"column":6},"end":{"line":133,"column":44}},"type":"if","locations":[{"start":{"line":133,"column":6},"end":{"line":133,"column":44}},{"start":{},"end":{}}],"line":133},"10":{"loc":{"start":{"line":135,"column":6},"end":{"line":139,"column":7}},"type":"if","locations":[{"start":{"line":135,"column":6},"end":{"line":139,"column":7}},{"start":{},"end":{}}],"line":135},"11":{"loc":{"start":{"line":152,"column":6},"end":{"line":160,"column":7}},"type":"if","locations":[{"start":{"line":152,"column":6},"end":{"line":160,"column":7}},{"start":{"line":157,"column":13},"end":{"line":160,"column":7}}],"line":152},"12":{"loc":{"start":{"line":153,"column":8},"end":{"line":154,"column":55}},"type":"binary-expr","locations":[{"start":{"line":153,"column":8},"end":{"line":153,"column":49}},{"start":{"line":154,"column":8},"end":{"line":154,"column":55}}],"line":153}},"s":{"0":1,"1":1,"2":1,"3":1,"4":1,"5":0,"6":0,"7":0,"8":0,"9":0,"10":0,"11":0,"12":0,"13":0,"14":0,"15":0,"16":0,"17":2,"18":2,"19":2,"20":1,"21":1,"22":1,"23":0,"24":3,"25":3,"26":3,"27":0,"28":3,"29":3,"30":1,"31":2,"32":2,"33":2,"34":0,"35":0,"36":0,"37":0,"38":0,"39":0,"40":0,"41":0,"42":0,"43":0,"44":0,"45":0,"46":0,"47":0,"48":0,"49":0,"50":0,"51":0,"52":0,"53":0,"54":0,"55":0,"56":0,"57":0,"58":1},"f":{"0":0,"1":2,"2":3,"3":0},"b":{"0":[0,0],"1":[1,0],"2":[1,1],"3":[0,3],"4":[3,3],"5":[1,2],"6":[2,0],"7":[0,0],"8":[0,0],"9":[0,0],"10":[0,0],"11":[0,0],"12":[0,0]},"_coverageSchema":"1a1c01bbd47fc00a2c39e90264f33305004495a9","hash":"1cc80a39bdb2f0e086371f69dc5963f6c4e5b9ee"}
,"D:\\1_Hacktiv8\\Phase2\\Week3\\W3D1,Senin-28April2025\\Tugas\\IP-RMT60\\server\\helpers\\bcrypt.js": {"path":"D:\\1_Hacktiv8\\Phase2\\Week3\\W3D1,Senin-28April2025\\Tugas\\IP-RMT60\\server\\helpers\\bcrypt.js","statementMap":{"0":{"start":{"line":1,"column":15},"end":{"line":1,"column":34}},"1":{"start":{"line":3,"column":21},"end":{"line":5,"column":1}},"2":{"start":{"line":4,"column":2},"end":{"line":4,"column":39}},"3":{"start":{"line":7,"column":24},"end":{"line":9,"column":1}},"4":{"start":{"line":8,"column":2},"end":{"line":8,"column":54}},"5":{"start":{"line":11,"column":0},"end":{"line":14,"column":2}}},"fnMap":{"0":{"name":"(anonymous_0)","decl":{"start":{"line":3,"column":21},"end":{"line":3,"column":22}},"loc":{"start":{"line":3,"column":35},"end":{"line":5,"column":1}},"line":3},"1":{"name":"(anonymous_1)","decl":{"start":{"line":7,"column":24},"end":{"line":7,"column":25}},"loc":{"start":{"line":7,"column":54},"end":{"line":9,"column":1}},"line":7}},"branchMap":{},"s":{"0":1,"1":1,"2":4,"3":1,"4":2,"5":1},"f":{"0":4,"1":2},"b":{},"_coverageSchema":"1a1c01bbd47fc00a2c39e90264f33305004495a9","hash":"c74a0375d91f19b5bcb02453f3e0a1ea35f7a31a"}
,"D:\\1_Hacktiv8\\Phase2\\Week3\\W3D1,Senin-28April2025\\Tugas\\IP-RMT60\\server\\helpers\\jwt.js": {"path":"D:\\1_Hacktiv8\\Phase2\\Week3\\W3D1,Senin-28April2025\\Tugas\\IP-RMT60\\server\\helpers\\jwt.js","statementMap":{"0":{"start":{"line":1,"column":12},"end":{"line":1,"column":35}},"1":{"start":{"line":2,"column":19},"end":{"line":2,"column":41}},"2":{"start":{"line":4,"column":20},"end":{"line":6,"column":1}},"3":{"start":{"line":5,"column":2},"end":{"line":5,"column":39}},"4":{"start":{"line":8,"column":20},"end":{"line":10,"column":1}},"5":{"start":{"line":9,"column":2},"end":{"line":9,"column":39}},"6":{"start":{"line":12,"column":0},"end":{"line":15,"column":2}}},"fnMap":{"0":{"name":"(anonymous_0)","decl":{"start":{"line":4,"column":20},"end":{"line":4,"column":21}},"loc":{"start":{"line":4,"column":33},"end":{"line":6,"column":1}},"line":4},"1":{"name":"(anonymous_1)","decl":{"start":{"line":8,"column":20},"end":{"line":8,"column":21}},"loc":{"start":{"line":8,"column":31},"end":{"line":10,"column":1}},"line":8}},"branchMap":{},"s":{"0":1,"1":1,"2":1,"3":1,"4":1,"5":8,"6":1},"f":{"0":1,"1":8},"b":{},"_coverageSchema":"1a1c01bbd47fc00a2c39e90264f33305004495a9","hash":"70740eafddc547dd656de5caf7cef5487e23bfce"}
,"D:\\1_Hacktiv8\\Phase2\\Week3\\W3D1,Senin-28April2025\\Tugas\\IP-RMT60\\server\\middlewares\\authentication.js": {"path":"D:\\1_Hacktiv8\\Phase2\\Week3\\W3D1,Senin-28April2025\\Tugas\\IP-RMT60\\server\\middlewares\\authentication.js","statementMap":{"0":{"start":{"line":1,"column":24},"end":{"line":1,"column":49}},"1":{"start":{"line":2,"column":17},"end":{"line":2,"column":37}},"2":{"start":{"line":4,"column":23},"end":{"line":31,"column":1}},"3":{"start":{"line":5,"column":2},"end":{"line":30,"column":3}},"4":{"start":{"line":6,"column":29},"end":{"line":6,"column":40}},"5":{"start":{"line":8,"column":4},"end":{"line":10,"column":5}},"6":{"start":{"line":9,"column":6},"end":{"line":9,"column":20}},"7":{"start":{"line":12,"column":20},"end":{"line":12,"column":45}},"8":{"start":{"line":14,"column":17},"end":{"line":14,"column":48}},"9":{"start":{"line":16,"column":4},"end":{"line":18,"column":5}},"10":{"start":{"line":17,"column":6},"end":{"line":17,"column":65}},"11":{"start":{"line":20,"column":4},"end":{"line":24,"column":6}},"12":{"start":{"line":26,"column":4},"end":{"line":26,"column":11}},"13":{"start":{"line":28,"column":4},"end":{"line":28,"column":25}},"14":{"start":{"line":29,"column":4},"end":{"line":29,"column":62}},"15":{"start":{"line":33,"column":0},"end":{"line":33,"column":32}}},"fnMap":{"0":{"name":"(anonymous_0)","decl":{"start":{"line":4,"column":23},"end":{"line":4,"column":24}},"loc":{"start":{"line":4,"column":49},"end":{"line":31,"column":1}},"line":4}},"branchMap":{"0":{"loc":{"start":{"line":8,"column":4},"end":{"line":10,"column":5}},"type":"if","locations":[{"start":{"line":8,"column":4},"end":{"line":10,"column":5}},{"start":{},"end":{}}],"line":8},"1":{"loc":{"start":{"line":16,"column":4},"end":{"line":18,"column":5}},"type":"if","locations":[{"start":{"line":16,"column":4},"end":{"line":18,"column":5}},{"start":{},"end":{}}],"line":16}},"s":{"0":1,"1":1,"2":1,"3":9,"4":9,"5":9,"6":1,"7":8,"8":7,"9":7,"10":0,"11":7,"12":7,"13":1,"14":1,"15":1},"f":{"0":9},"b":{"0":[1,8],"1":[0,7]},"_coverageSchema":"1a1c01bbd47fc00a2c39e90264f33305004495a9","hash":"5d1e4c9847324fb3bbc0718d5578aad6ca86b28f"}
,"D:\\1_Hacktiv8\\Phase2\\Week3\\W3D1,Senin-28April2025\\Tugas\\IP-RMT60\\server\\models\\favorite.js": {"path":"D:\\1_Hacktiv8\\Phase2\\Week3\\W3D1,Senin-28April2025\\Tugas\\IP-RMT60\\server\\models\\favorite.js","statementMap":{"0":{"start":{"line":2,"column":18},"end":{"line":2,"column":38}},"1":{"start":{"line":3,"column":0},"end":{"line":49,"column":2}},"2":{"start":{"line":12,"column":6},"end":{"line":12,"column":64}},"3":{"start":{"line":13,"column":6},"end":{"line":13,"column":80}},"4":{"start":{"line":16,"column":2},"end":{"line":47,"column":4}},"5":{"start":{"line":48,"column":2},"end":{"line":48,"column":18}}},"fnMap":{"0":{"name":"(anonymous_0)","decl":{"start":{"line":3,"column":17},"end":{"line":3,"column":18}},"loc":{"start":{"line":3,"column":43},"end":{"line":49,"column":1}},"line":3},"1":{"name":"(anonymous_1)","decl":{"start":{"line":10,"column":4},"end":{"line":10,"column":5}},"loc":{"start":{"line":10,"column":29},"end":{"line":14,"column":5}},"line":10}},"branchMap":{},"s":{"0":1,"1":1,"2":1,"3":1,"4":1,"5":1},"f":{"0":1,"1":1},"b":{},"_coverageSchema":"1a1c01bbd47fc00a2c39e90264f33305004495a9","hash":"a46f0a38c4e9fb02a98da2a78e922bcd91492325"}
,"D:\\1_Hacktiv8\\Phase2\\Week3\\W3D1,Senin-28April2025\\Tugas\\IP-RMT60\\server\\models\\index.js": {"path":"D:\\1_Hacktiv8\\Phase2\\Week3\\W3D1,Senin-28April2025\\Tugas\\IP-RMT60\\server\\models\\index.js","statementMap":{"0":{"start":{"line":3,"column":11},"end":{"line":3,"column":24}},"1":{"start":{"line":4,"column":13},"end":{"line":4,"column":28}},"2":{"start":{"line":5,"column":18},"end":{"line":5,"column":38}},"3":{"start":{"line":6,"column":16},"end":{"line":6,"column":34}},"4":{"start":{"line":7,"column":17},"end":{"line":7,"column":42}},"5":{"start":{"line":8,"column":12},"end":{"line":8,"column":49}},"6":{"start":{"line":9,"column":15},"end":{"line":9,"column":65}},"7":{"start":{"line":10,"column":11},"end":{"line":10,"column":13}},"8":{"start":{"line":13,"column":0},"end":{"line":17,"column":1}},"9":{"start":{"line":14,"column":2},"end":{"line":14,"column":74}},"10":{"start":{"line":16,"column":2},"end":{"line":16,"column":87}},"11":{"start":{"line":19,"column":0},"end":{"line":32,"column":5}},"12":{"start":{"line":22,"column":4},"end":{"line":27,"column":6}},"13":{"start":{"line":30,"column":18},"end":{"line":30,"column":85}},"14":{"start":{"line":31,"column":4},"end":{"line":31,"column":27}},"15":{"start":{"line":34,"column":0},"end":{"line":38,"column":3}},"16":{"start":{"line":35,"column":2},"end":{"line":37,"column":3}},"17":{"start":{"line":36,"column":4},"end":{"line":36,"column":32}},"18":{"start":{"line":40,"column":0},"end":{"line":40,"column":25}},"19":{"start":{"line":41,"column":0},"end":{"line":41,"column":25}},"20":{"start":{"line":43,"column":0},"end":{"line":43,"column":20}}},"fnMap":{"0":{"name":"(anonymous_0)","decl":{"start":{"line":21,"column":10},"end":{"line":21,"column":11}},"loc":{"start":{"line":21,"column":18},"end":{"line":28,"column":3}},"line":21},"1":{"name":"(anonymous_1)","decl":{"start":{"line":29,"column":11},"end":{"line":29,"column":12}},"loc":{"start":{"line":29,"column":19},"end":{"line":32,"column":3}},"line":29},"2":{"name":"(anonymous_2)","decl":{"start":{"line":34,"column":24},"end":{"line":34,"column":25}},"loc":{"start":{"line":34,"column":37},"end":{"line":38,"column":1}},"line":34}},"branchMap":{"0":{"loc":{"start":{"line":8,"column":12},"end":{"line":8,"column":49}},"type":"binary-expr","locations":[{"start":{"line":8,"column":12},"end":{"line":8,"column":32}},{"start":{"line":8,"column":36},"end":{"line":8,"column":49}}],"line":8},"1":{"loc":{"start":{"line":13,"column":0},"end":{"line":17,"column":1}},"type":"if","locations":[{"start":{"line":13,"column":0},"end":{"line":17,"column":1}},{"start":{"line":15,"column":7},"end":{"line":17,"column":1}}],"line":13},"2":{"loc":{"start":{"line":23,"column":6},"end":{"line":26,"column":37}},"type":"binary-expr","locations":[{"start":{"line":23,"column":6},"end":{"line":23,"column":29}},{"start":{"line":24,"column":6},"end":{"line":24,"column":23}},{"start":{"line":25,"column":6},"end":{"line":25,"column":30}},{"start":{"line":26,"column":6},"end":{"line":26,"column":37}}],"line":23},"3":{"loc":{"start":{"line":35,"column":2},"end":{"line":37,"column":3}},"type":"if","locations":[{"start":{"line":35,"column":2},"end":{"line":37,"column":3}},{"start":{},"end":{}}],"line":35}},"s":{"0":1,"1":1,"2":1,"3":1,"4":1,"5":1,"6":1,"7":1,"8":1,"9":0,"10":1,"11":1,"12":4,"13":3,"14":3,"15":1,"16":3,"17":3,"18":1,"19":1,"20":1},"f":{"0":4,"1":3,"2":3},"b":{"0":[1,0],"1":[0,1],"2":[4,4,3,3],"3":[3,0]},"_coverageSchema":"1a1c01bbd47fc00a2c39e90264f33305004495a9","hash":"e8d39eb6f77ca39eed5252a0ef5942b3889b988e"}
,"D:\\1_Hacktiv8\\Phase2\\Week3\\W3D1,Senin-28April2025\\Tugas\\IP-RMT60\\server\\models\\user.js": {"path":"D:\\1_Hacktiv8\\Phase2\\Week3\\W3D1,Senin-28April2025\\Tugas\\IP-RMT60\\server\\models\\user.js","statementMap":{"0":{"start":{"line":2,"column":18},"end":{"line":2,"column":38}},"1":{"start":{"line":3,"column":25},"end":{"line":3,"column":53}},"2":{"start":{"line":5,"column":0},"end":{"line":71,"column":2}},"3":{"start":{"line":14,"column":6},"end":{"line":17,"column":9}},"4":{"start":{"line":20,"column":2},"end":{"line":69,"column":4}},"5":{"start":{"line":63,"column":10},"end":{"line":63,"column":54}},"6":{"start":{"line":70,"column":2},"end":{"line":70,"column":14}}},"fnMap":{"0":{"name":"(anonymous_0)","decl":{"start":{"line":5,"column":17},"end":{"line":5,"column":18}},"loc":{"start":{"line":5,"column":43},"end":{"line":71,"column":1}},"line":5},"1":{"name":"(anonymous_1)","decl":{"start":{"line":12,"column":4},"end":{"line":12,"column":5}},"loc":{"start":{"line":12,"column":29},"end":{"line":18,"column":5}},"line":12},"2":{"name":"(anonymous_2)","decl":{"start":{"line":62,"column":22},"end":{"line":62,"column":23}},"loc":{"start":{"line":62,"column":32},"end":{"line":64,"column":9}},"line":62}},"branchMap":{},"s":{"0":1,"1":1,"2":1,"3":1,"4":1,"5":3,"6":1},"f":{"0":1,"1":1,"2":3},"b":{},"_coverageSchema":"1a1c01bbd47fc00a2c39e90264f33305004495a9","hash":"d6cc21ed517c0c2dd5d8da5464a276b765e1e5bd"}
,"D:\\1_Hacktiv8\\Phase2\\Week3\\W3D1,Senin-28April2025\\Tugas\\IP-RMT60\\server\\models\\xiaomidevice.js": {"path":"D:\\1_Hacktiv8\\Phase2\\Week3\\W3D1,Senin-28April2025\\Tugas\\IP-RMT60\\server\\models\\xiaomidevice.js","statementMap":{"0":{"start":{"line":2,"column":18},"end":{"line":2,"column":38}},"1":{"start":{"line":3,"column":0},"end":{"line":43,"column":2}},"2":{"start":{"line":12,"column":6},"end":{"line":15,"column":9}},"3":{"start":{"line":18,"column":2},"end":{"line":41,"column":4}},"4":{"start":{"line":42,"column":2},"end":{"line":42,"column":22}}},"fnMap":{"0":{"name":"(anonymous_0)","decl":{"start":{"line":3,"column":17},"end":{"line":3,"column":18}},"loc":{"start":{"line":3,"column":43},"end":{"line":43,"column":1}},"line":3},"1":{"name":"(anonymous_1)","decl":{"start":{"line":10,"column":4},"end":{"line":10,"column":5}},"loc":{"start":{"line":10,"column":29},"end":{"line":16,"column":5}},"line":10}},"branchMap":{},"s":{"0":1,"1":1,"2":1,"3":1,"4":1},"f":{"0":1,"1":1},"b":{},"_coverageSchema":"1a1c01bbd47fc00a2c39e90264f33305004495a9","hash":"3d210710bceff5c6be55260373affab9d6228f0d"}
,"D:\\1_Hacktiv8\\Phase2\\Week3\\W3D1,Senin-28April2025\\Tugas\\IP-RMT60\\server\\routes\\testing.js": {"path":"D:\\1_Hacktiv8\\Phase2\\Week3\\W3D1,Senin-28April2025\\Tugas\\IP-RMT60\\server\\routes\\testing.js","statementMap":{"0":{"start":{"line":1,"column":16},"end":{"line":1,"column":34}},"1":{"start":{"line":2,"column":15},"end":{"line":2,"column":31}},"2":{"start":{"line":5,"column":0},"end":{"line":7,"column":3}},"3":{"start":{"line":6,"column":2},"end":{"line":6,"column":54}},"4":{"start":{"line":9,"column":0},"end":{"line":9,"column":24}}},"fnMap":{"0":{"name":"(anonymous_0)","decl":{"start":{"line":5,"column":22},"end":{"line":5,"column":23}},"loc":{"start":{"line":5,"column":36},"end":{"line":7,"column":1}},"line":5}},"branchMap":{},"s":{"0":1,"1":1,"2":1,"3":0,"4":1},"f":{"0":0},"b":{},"_coverageSchema":"1a1c01bbd47fc00a2c39e90264f33305004495a9","hash":"97208ba7b910d8e53a4dc377db1b8047b51b5c08"}
}
