TN:
SF:app.js
FN:44,(anonymous_0)
FN:49,(anonymous_1)
FNF:2
FNH:1
FNDA:0,(anonymous_0)
FNDA:1,(anonymous_1)
DA:1,1
DA:2,1
DA:5,1
DA:6,1
DA:7,1
DA:8,1
DA:9,1
DA:10,1
DA:11,1
DA:12,1
DA:13,1
DA:16,1
DA:17,1
DA:18,1
DA:21,1
DA:24,1
DA:25,1
DA:28,1
DA:29,1
DA:30,1
DA:33,1
DA:36,1
DA:37,1
DA:38,1
DA:39,1
DA:40,1
DA:41,1
DA:44,1
DA:45,0
DA:46,0
DA:49,1
DA:50,1
DA:53,1
LF:33
LH:31
BRDA:1,0,0,1
BRDA:1,0,1,0
BRDA:7,1,0,1
BRDA:7,1,1,1
BRF:4
BRH:3
end_of_record
TN:
SF:controllers\Controller.js
FN:5,(anonymous_0)
FN:14,(anonymous_1)
FN:35,(anonymous_2)
FN:69,(anonymous_3)
FN:104,(anonymous_4)
FN:113,(anonymous_5)
FN:123,(anonymous_6)
FNF:7
FNH:6
FNDA:1,(anonymous_0)
FNDA:0,(anonymous_1)
FNDA:1,(anonymous_2)
FNDA:2,(anonymous_3)
FNDA:2,(anonymous_4)
FNDA:1,(anonymous_5)
FNDA:2,(anonymous_6)
DA:1,1
DA:6,1
DA:7,1
DA:10,1
DA:13,1
DA:14,0
DA:15,0
DA:24,0
DA:28,1
DA:30,0
DA:36,1
DA:37,1
DA:39,1
DA:41,1
DA:42,0
DA:46,1
DA:49,1
DA:50,0
DA:58,0
DA:62,1
DA:64,0
DA:70,2
DA:71,2
DA:72,2
DA:75,2
DA:77,2
DA:78,0
DA:82,2
DA:86,2
DA:87,1
DA:93,1
DA:95,1
DA:99,0
DA:105,2
DA:106,2
DA:108,1
DA:113,1
DA:115,1
DA:117,1
DA:118,1
DA:124,2
DA:125,2
DA:126,2
DA:129,2
DA:133,2
DA:134,1
DA:140,1
DA:142,1
DA:144,0
DA:149,1
LF:50
LH:39
BRDA:10,0,0,1
BRDA:10,0,1,0
BRDA:13,1,0,0
BRDA:13,1,1,1
BRDA:41,2,0,0
BRDA:41,2,1,1
BRDA:46,3,0,1
BRDA:46,3,1,0
BRDA:49,4,0,0
BRDA:49,4,1,1
BRDA:77,5,0,0
BRDA:77,5,1,2
BRDA:86,6,0,1
BRDA:86,6,1,1
BRDA:133,7,0,1
BRDA:133,7,1,1
BRF:16
BRH:10
end_of_record
TN:
SF:controllers\PubController.js
FN:7,(anonymous_0)
FN:48,(anonymous_1)
FN:64,(anonymous_2)
FNF:3
FNH:0
FNDA:0,(anonymous_0)
FNDA:0,(anonymous_1)
FNDA:0,(anonymous_2)
DA:4,1
DA:8,0
DA:9,0
DA:12,0
DA:15,0
DA:16,0
DA:25,0
DA:26,0
DA:30,0
DA:31,0
DA:35,0
DA:36,0
DA:37,0
DA:38,0
DA:40,0
DA:41,0
DA:45,0
DA:48,0
DA:56,0
DA:58,0
DA:59,0
DA:65,0
DA:66,0
DA:68,0
DA:70,0
DA:71,0
DA:75,0
DA:77,0
DA:82,1
LF:29
LH:2
BRDA:15,0,0,0
BRDA:15,0,1,0
BRDA:25,1,0,0
BRDA:25,1,1,0
BRDA:25,2,0,0
BRDA:25,2,1,0
BRDA:30,3,0,0
BRDA:30,3,1,0
BRDA:31,4,0,0
BRDA:31,4,1,0
BRDA:35,5,0,0
BRDA:35,5,1,0
BRDA:40,6,0,0
BRDA:40,6,1,0
BRDA:40,7,0,0
BRDA:40,7,1,0
BRDA:70,8,0,0
BRDA:70,8,1,0
BRF:18
BRH:0
end_of_record
TN:
SF:controllers\UserController.js
FN:8,(anonymous_0)
FN:48,(anonymous_1)
FN:75,(anonymous_2)
FN:119,(anonymous_3)
FNF:4
FNH:2
FNDA:0,(anonymous_0)
FNDA:2,(anonymous_1)
FNDA:3,(anonymous_2)
FNDA:0,(anonymous_3)
DA:1,1
DA:2,1
DA:3,1
DA:4,1
DA:5,1
DA:9,0
DA:10,0
DA:11,0
DA:15,0
DA:17,0
DA:21,0
DA:22,0
DA:29,0
DA:35,0
DA:36,0
DA:43,0
DA:44,0
DA:49,2
DA:50,2
DA:52,2
DA:58,1
DA:64,1
DA:68,1
DA:70,0
DA:76,3
DA:77,3
DA:79,3
DA:80,0
DA:85,3
DA:89,3
DA:90,1
DA:93,2
DA:95,2
DA:96,2
DA:99,0
DA:105,0
DA:107,0
DA:114,0
DA:115,0
DA:120,0
DA:121,0
DA:122,0
DA:124,0
DA:126,0
DA:127,0
DA:130,0
DA:132,0
DA:133,0
DA:135,0
DA:136,0
DA:141,0
DA:143,0
DA:152,0
DA:156,0
DA:158,0
DA:159,0
DA:165,1
LF:57
LH:21
BRDA:21,0,0,0
BRDA:21,0,1,0
BRDA:64,1,0,1
BRDA:64,1,1,0
BRDA:65,2,0,1
BRDA:65,2,1,1
BRDA:79,3,0,0
BRDA:79,3,1,3
BRDA:79,4,0,3
BRDA:79,4,1,3
BRDA:89,5,0,1
BRDA:89,5,1,2
BRDA:95,6,0,2
BRDA:95,6,1,0
BRDA:126,7,0,0
BRDA:126,7,1,0
BRDA:132,8,0,0
BRDA:132,8,1,0
BRDA:133,9,0,0
BRDA:133,9,1,0
BRDA:135,10,0,0
BRDA:135,10,1,0
BRDA:152,11,0,0
BRDA:152,11,1,0
BRDA:153,12,0,0
BRDA:153,12,1,0
BRF:26
BRH:9
end_of_record
TN:
SF:helpers\bcrypt.js
FN:3,(anonymous_0)
FN:7,(anonymous_1)
FNF:2
FNH:2
FNDA:4,(anonymous_0)
FNDA:2,(anonymous_1)
DA:1,1
DA:3,1
DA:4,4
DA:7,1
DA:8,2
DA:11,1
LF:6
LH:6
BRF:0
BRH:0
end_of_record
TN:
SF:helpers\jwt.js
FN:4,(anonymous_0)
FN:8,(anonymous_1)
FNF:2
FNH:2
FNDA:1,(anonymous_0)
FNDA:8,(anonymous_1)
DA:1,1
DA:2,1
DA:4,1
DA:5,1
DA:8,1
DA:9,8
DA:12,1
LF:7
LH:7
BRF:0
BRH:0
end_of_record
TN:
SF:middlewares\authentication.js
FN:4,(anonymous_0)
FNF:1
FNH:1
FNDA:9,(anonymous_0)
DA:1,1
DA:2,1
DA:4,1
DA:5,9
DA:6,9
DA:8,9
DA:9,1
DA:12,8
DA:14,7
DA:16,7
DA:17,0
DA:20,7
DA:26,7
DA:28,1
DA:29,1
DA:33,1
LF:16
LH:15
BRDA:8,0,0,1
BRDA:8,0,1,8
BRDA:16,1,0,0
BRDA:16,1,1,7
BRF:4
BRH:3
end_of_record
TN:
SF:models\favorite.js
FN:3,(anonymous_0)
FN:10,(anonymous_1)
FNF:2
FNH:2
FNDA:1,(anonymous_0)
FNDA:1,(anonymous_1)
DA:2,1
DA:3,1
DA:12,1
DA:13,1
DA:16,1
DA:48,1
LF:6
LH:6
BRF:0
BRH:0
end_of_record
TN:
SF:models\index.js
FN:21,(anonymous_0)
FN:29,(anonymous_1)
FN:34,(anonymous_2)
FNF:3
FNH:3
FNDA:4,(anonymous_0)
FNDA:3,(anonymous_1)
FNDA:3,(anonymous_2)
DA:3,1
DA:4,1
DA:5,1
DA:6,1
DA:7,1
DA:8,1
DA:9,1
DA:10,1
DA:13,1
DA:14,0
DA:16,1
DA:19,1
DA:22,4
DA:30,3
DA:31,3
DA:34,1
DA:35,3
DA:36,3
DA:40,1
DA:41,1
DA:43,1
LF:21
LH:20
BRDA:8,0,0,1
BRDA:8,0,1,0
BRDA:13,1,0,0
BRDA:13,1,1,1
BRDA:23,2,0,4
BRDA:23,2,1,4
BRDA:23,2,2,3
BRDA:23,2,3,3
BRDA:35,3,0,3
BRDA:35,3,1,0
BRF:10
BRH:7
end_of_record
TN:
SF:models\user.js
FN:5,(anonymous_0)
FN:12,(anonymous_1)
FN:62,(anonymous_2)
FNF:3
FNH:3
FNDA:1,(anonymous_0)
FNDA:1,(anonymous_1)
FNDA:3,(anonymous_2)
DA:2,1
DA:3,1
DA:5,1
DA:14,1
DA:20,1
DA:63,3
DA:70,1
LF:7
LH:7
BRF:0
BRH:0
end_of_record
TN:
SF:models\xiaomidevice.js
FN:3,(anonymous_0)
FN:10,(anonymous_1)
FNF:2
FNH:2
FNDA:1,(anonymous_0)
FNDA:1,(anonymous_1)
DA:2,1
DA:3,1
DA:12,1
DA:18,1
DA:42,1
LF:5
LH:5
BRF:0
BRH:0
end_of_record
TN:
SF:routes\testing.js
FN:5,(anonymous_0)
FNF:1
FNH:0
FNDA:0,(anonymous_0)
DA:1,1
DA:2,1
DA:5,1
DA:6,0
DA:9,1
LF:5
LH:4
BRF:0
BRH:0
end_of_record
