TN:
SF:app.js
FN:24,geminiApi
FN:63,(anonymous_1)
FN:94,(anonymous_2)
FNF:3
FNH:2
FNDA:2,geminiApi
FNDA:3,(anonymous_1)
FNDA:0,(anonymous_2)
DA:1,2
DA:2,2
DA:5,2
DA:6,2
DA:7,2
DA:8,2
DA:9,2
DA:10,2
DA:11,2
DA:12,2
DA:13,2
DA:14,2
DA:17,2
DA:18,0
DA:19,0
DA:22,2
DA:25,2
DA:26,2
DA:29,2
DA:41,2
DA:42,0
DA:43,0
DA:45,2
DA:46,2
DA:51,2
DA:52,2
DA:53,2
DA:56,2
DA:59,2
DA:60,2
DA:63,2
DA:64,3
DA:65,3
DA:66,3
DA:67,1
DA:69,2
DA:70,0
DA:72,2
DA:73,2
DA:78,2
DA:79,2
DA:80,2
DA:83,2
DA:86,2
DA:87,2
DA:88,2
DA:89,2
DA:90,2
DA:91,2
DA:94,2
DA:95,0
DA:96,0
DA:114,2
LF:53
LH:46
BRDA:1,0,0,2
BRDA:1,0,1,0
BRDA:7,1,0,2
BRDA:7,1,1,2
BRDA:17,2,0,0
BRDA:17,2,1,2
BRDA:66,3,0,1
BRDA:66,3,1,2
BRF:8
BRH:6
end_of_record
TN:
SF:controllers\Controller.js
FN:5,(anonymous_0)
FN:14,(anonymous_1)
FN:35,(anonymous_2)
FN:69,(anonymous_3)
FN:104,(anonymous_4)
FN:113,(anonymous_5)
FN:123,(anonymous_6)
FNF:7
FNH:7
FNDA:3,(anonymous_0)
FNDA:1,(anonymous_1)
FNDA:4,(anonymous_2)
FNDA:4,(anonymous_3)
FNDA:2,(anonymous_4)
FNDA:1,(anonymous_5)
FNDA:3,(anonymous_6)
DA:1,2
DA:6,3
DA:7,3
DA:10,2
DA:13,2
DA:14,1
DA:15,1
DA:24,1
DA:28,1
DA:30,1
DA:36,4
DA:37,4
DA:39,4
DA:41,3
DA:42,1
DA:46,2
DA:49,2
DA:50,1
DA:58,1
DA:62,1
DA:64,1
DA:70,4
DA:71,4
DA:72,4
DA:75,4
DA:77,3
DA:78,1
DA:82,2
DA:86,2
DA:87,1
DA:93,1
DA:95,1
DA:99,1
DA:105,2
DA:106,2
DA:108,2
DA:113,1
DA:115,1
DA:117,1
DA:118,1
DA:124,3
DA:125,3
DA:126,3
DA:129,3
DA:133,2
DA:134,1
DA:140,1
DA:142,1
DA:144,1
DA:149,2
LF:50
LH:50
BRDA:10,0,0,1
BRDA:10,0,1,1
BRDA:13,1,0,1
BRDA:13,1,1,1
BRDA:41,2,0,1
BRDA:41,2,1,2
BRDA:46,3,0,1
BRDA:46,3,1,1
BRDA:49,4,0,1
BRDA:49,4,1,1
BRDA:77,5,0,1
BRDA:77,5,1,2
BRDA:86,6,0,1
BRDA:86,6,1,1
BRDA:133,7,0,1
BRDA:133,7,1,1
BRF:16
BRH:16
end_of_record
TN:
SF:controllers\PubController.js
FN:7,(anonymous_0)
FN:48,(anonymous_1)
FN:64,(anonymous_2)
FNF:3
FNH:3
FNDA:7,(anonymous_0)
FNDA:6,(anonymous_1)
FNDA:3,(anonymous_2)
DA:4,2
DA:8,7
DA:9,7
DA:12,7
DA:15,7
DA:16,1
DA:25,7
DA:26,3
DA:30,3
DA:31,3
DA:35,7
DA:36,2
DA:37,2
DA:38,2
DA:40,2
DA:41,1
DA:45,7
DA:48,6
DA:56,6
DA:58,1
DA:59,1
DA:65,3
DA:66,3
DA:68,3
DA:70,2
DA:71,1
DA:75,1
DA:77,1
DA:82,2
LF:29
LH:29
BRDA:15,0,0,1
BRDA:15,0,1,6
BRDA:25,1,0,3
BRDA:25,1,1,4
BRDA:25,2,0,7
BRDA:25,2,1,5
BRDA:30,3,0,2
BRDA:30,3,1,1
BRDA:31,4,0,2
BRDA:31,4,1,1
BRDA:35,5,0,2
BRDA:35,5,1,5
BRDA:40,6,0,1
BRDA:40,6,1,1
BRDA:40,7,0,2
BRDA:40,7,1,1
BRDA:70,8,0,1
BRDA:70,8,1,1
BRF:18
BRH:18
end_of_record
TN:
SF:controllers\UserController.js
FN:8,(anonymous_0)
FN:48,(anonymous_1)
FN:75,(anonymous_2)
FN:119,(anonymous_3)
FNF:4
FNH:4
FNDA:1,(anonymous_0)
FNDA:4,(anonymous_1)
FNDA:5,(anonymous_2)
FNDA:4,(anonymous_3)
DA:1,2
DA:2,2
DA:3,2
DA:4,2
DA:5,2
DA:9,1
DA:10,1
DA:11,1
DA:15,0
DA:17,0
DA:21,0
DA:22,0
DA:29,0
DA:35,0
DA:36,0
DA:43,1
DA:44,1
DA:49,4
DA:50,4
DA:52,4
DA:58,1
DA:64,3
DA:68,2
DA:70,1
DA:76,5
DA:77,5
DA:79,5
DA:80,1
DA:85,4
DA:89,3
DA:90,1
DA:93,2
DA:95,2
DA:96,2
DA:99,0
DA:105,0
DA:107,0
DA:114,1
DA:115,1
DA:120,4
DA:121,4
DA:122,4
DA:124,4
DA:126,4
DA:127,0
DA:130,4
DA:132,4
DA:133,4
DA:135,4
DA:136,2
DA:141,2
DA:143,1
DA:152,1
DA:156,1
DA:158,0
DA:159,0
DA:165,2
LF:57
LH:44
BRDA:21,0,0,0
BRDA:21,0,1,0
BRDA:64,1,0,2
BRDA:64,1,1,1
BRDA:65,2,0,3
BRDA:65,2,1,2
BRDA:79,3,0,1
BRDA:79,3,1,4
BRDA:79,4,0,5
BRDA:79,4,1,5
BRDA:89,5,0,1
BRDA:89,5,1,2
BRDA:95,6,0,2
BRDA:95,6,1,0
BRDA:126,7,0,0
BRDA:126,7,1,4
BRDA:132,8,0,1
BRDA:132,8,1,3
BRDA:133,9,0,2
BRDA:133,9,1,2
BRDA:135,10,0,2
BRDA:135,10,1,2
BRDA:152,11,0,1
BRDA:152,11,1,0
BRDA:153,12,0,1
BRDA:153,12,1,0
BRF:26
BRH:20
end_of_record
TN:
SF:helpers\bcrypt.js
FN:3,(anonymous_0)
FN:7,(anonymous_1)
FNF:2
FNH:2
FNDA:4,(anonymous_0)
FNDA:2,(anonymous_1)
DA:1,2
DA:3,2
DA:4,4
DA:7,2
DA:8,2
DA:11,2
LF:6
LH:6
BRF:0
BRH:0
end_of_record
TN:
SF:helpers\jwt.js
FN:4,(anonymous_0)
FN:8,(anonymous_1)
FNF:2
FNH:2
FNDA:2,(anonymous_0)
FNDA:23,(anonymous_1)
DA:1,2
DA:2,2
DA:4,2
DA:5,2
DA:8,2
DA:9,23
DA:12,2
LF:7
LH:7
BRF:0
BRH:0
end_of_record
TN:
SF:middlewares\authentication.js
FN:4,(anonymous_0)
FNF:1
FNH:1
FNDA:25,(anonymous_0)
DA:1,2
DA:2,2
DA:4,2
DA:5,25
DA:6,25
DA:8,25
DA:9,2
DA:12,23
DA:14,22
DA:16,20
DA:17,2
DA:20,18
DA:26,18
DA:28,3
DA:29,3
DA:33,2
LF:16
LH:16
BRDA:8,0,0,2
BRDA:8,0,1,23
BRDA:16,1,0,2
BRDA:16,1,1,18
BRF:4
BRH:4
end_of_record
TN:
SF:models\favorite.js
FN:3,(anonymous_0)
FN:10,(anonymous_1)
FNF:2
FNH:2
FNDA:2,(anonymous_0)
FNDA:2,(anonymous_1)
DA:2,2
DA:3,2
DA:12,2
DA:13,2
DA:16,2
DA:48,2
LF:6
LH:6
BRF:0
BRH:0
end_of_record
TN:
SF:models\index.js
FN:21,(anonymous_0)
FN:29,(anonymous_1)
FN:34,(anonymous_2)
FNF:3
FNH:3
FNDA:8,(anonymous_0)
FNDA:6,(anonymous_1)
FNDA:6,(anonymous_2)
DA:3,2
DA:4,2
DA:5,2
DA:6,2
DA:7,2
DA:8,2
DA:9,2
DA:10,2
DA:13,2
DA:14,0
DA:16,2
DA:19,2
DA:22,8
DA:30,6
DA:31,6
DA:34,2
DA:35,6
DA:36,6
DA:40,2
DA:41,2
DA:43,2
LF:21
LH:20
BRDA:8,0,0,2
BRDA:8,0,1,0
BRDA:13,1,0,0
BRDA:13,1,1,2
BRDA:23,2,0,8
BRDA:23,2,1,8
BRDA:23,2,2,6
BRDA:23,2,3,6
BRDA:35,3,0,6
BRDA:35,3,1,0
BRF:10
BRH:7
end_of_record
TN:
SF:models\user.js
FN:5,(anonymous_0)
FN:12,(anonymous_1)
FN:62,(anonymous_2)
FNF:3
FNH:3
FNDA:2,(anonymous_0)
FNDA:2,(anonymous_1)
FNDA:3,(anonymous_2)
DA:2,2
DA:3,2
DA:5,2
DA:14,2
DA:20,2
DA:63,3
DA:70,2
LF:7
LH:7
BRF:0
BRH:0
end_of_record
TN:
SF:models\xiaomidevice.js
FN:3,(anonymous_0)
FN:10,(anonymous_1)
FNF:2
FNH:2
FNDA:2,(anonymous_0)
FNDA:2,(anonymous_1)
DA:2,2
DA:3,2
DA:12,2
DA:18,2
DA:42,2
LF:5
LH:5
BRF:0
BRH:0
end_of_record
TN:
SF:routes\testing.js
FN:5,(anonymous_0)
FNF:1
FNH:1
FNDA:1,(anonymous_0)
DA:1,2
DA:2,2
DA:5,2
DA:6,1
DA:9,2
LF:5
LH:5
BRF:0
BRH:0
end_of_record
